# JRE version: OpenJDK Runtime Environment Temurin-21.0.10+7 (21.0.10+7) (build 21.0.10+7-LTS)
# Java VM: OpenJDK 64-Bit Server VM Temurin-21.0.10+7 (21.0.10+7-LTS, mixed mode, sharing, tiered, compressed oops, compressed class ptrs, parallel gc, windows-amd64)
GC Precious Log:
 CardTable entry size: 512
 CPUs: 16 total, 16 available
 Memory: 14181M
 Large Page Support: Disabled
 NUMA Support: Disabled
 Compressed Oops: Enabled (32-bit)
 Alignments: Space 512K, Generation 512K, Heap 2M
 Heap Min Capacity: 100M
 Heap Initial Capacity: 100M
 Heap Max Capacity: 2G
 Pre-touch: Disabled
 Parallel Workers: 13
Heap:
 PSYoungGen      total 22016K, used 18056K [0x00000000d5580000, 0x00000000d6e80000, 0x0000000100000000)
  eden space 20480K, 80% used [0x00000000d5580000,0x00000000d65a8288,0x00000000d6980000)
  from space 1536K, 98% used [0x00000000d6a00000,0x00000000d6b7a020,0x00000000d6b80000)
  to   space 2560K, 0% used [0x00000000d6c00000,0x00000000d6c00000,0x00000000d6e80000)
 ParOldGen       total 68608K, used 52370K [0x0000000080000000, 0x0000000084300000, 0x00000000d5580000)
  object space 68608K, 76% used [0x0000000080000000,0x0000000083324a10,0x0000000084300000)
 Metaspace       used 57577K, committed 58944K, reserved 1114112K
  class space    used 6165K, committed 6720K, reserved 1048576K
GC Heap History (20 events):
Event: 13.434 GC heap before
{Heap before GC invocations=26 (full 2):
 PSYoungGen      total 25088K, used 24738K [0x00000000d5580000, 0x00000000d7280000, 0x0000000100000000)
  eden space 22016K, 100% used [0x00000000d5580000,0x00000000d6b00000,0x00000000d6b00000)
  from space 3072K, 88% used [0x00000000d6b00000,0x00000000d6da8810,0x00000000d6e00000)
  to   space 3584K, 0% used [0x00000000d6f00000,0x00000000d6f00000,0x00000000d7280000)
 ParOldGen       total 68608K, used 37875K [0x0000000080000000, 0x0000000084300000, 0x00000000d5580000)
  object space 68608K, 55% used [0x0000000080000000,0x00000000824fcf78,0x0000000084300000)
 Metaspace       used 49234K, committed 50624K, reserved 1114112K
  class space    used 5337K, committed 5888K, reserved 1048576K
}
Event: 13.440 GC heap after
{Heap after GC invocations=26 (full 2):
 PSYoungGen      total 24576K, used 2532K [0x00000000d5580000, 0x00000000d7180000, 0x0000000100000000)
  eden space 22016K, 0% used [0x00000000d5580000,0x00000000d5580000,0x00000000d6b00000)
  from space 2560K, 98% used [0x00000000d6f00000,0x00000000d7179000,0x00000000d7180000)
  to   space 3072K, 0% used [0x00000000d6b80000,0x00000000d6b80000,0x00000000d6e80000)
 ParOldGen       total 68608K, used 40330K [0x0000000080000000, 0x0000000084300000, 0x00000000d5580000)
  object space 68608K, 58% used [0x0000000080000000,0x0000000082762938,0x0000000084300000)
 Metaspace       used 49234K, committed 50624K, reserved 1114112K
  class space    used 5337K, committed 5888K, reserved 1048576K
}
Event: 13.538 GC heap before
{Heap before GC invocations=27 (full 2):
 PSYoungGen      total 24576K, used 24548K [0x00000000d5580000, 0x00000000d7180000, 0x0000000100000000)
  eden space 22016K, 100% used [0x00000000d5580000,0x00000000d6b00000,0x00000000d6b00000)
  from space 2560K, 98% used [0x00000000d6f00000,0x00000000d7179000,0x00000000d7180000)
  to   space 3072K, 0% used [0x00000000d6b80000,0x00000000d6b80000,0x00000000d6e80000)
 ParOldGen       total 68608K, used 40330K [0x0000000080000000, 0x0000000084300000, 0x00000000d5580000)
  object space 68608K, 58% used [0x0000000080000000,0x0000000082762938,0x0000000084300000)
 Metaspace       used 49269K, committed 50624K, reserved 1114112K
  class space    used 5338K, committed 5888K, reserved 1048576K
}
Event: 13.542 GC heap after
{Heap after GC invocations=27 (full 2):
 PSYoungGen      total 24576K, used 2496K [0x00000000d5580000, 0x00000000d7000000, 0x0000000100000000)
  eden space 22016K, 0% used [0x00000000d5580000,0x00000000d5580000,0x00000000d6b00000)
  from space 2560K, 97% used [0x00000000d6b80000,0x00000000d6df0010,0x00000000d6e00000)
  to   space 2048K, 0% used [0x00000000d6e00000,0x00000000d6e00000,0x00000000d7000000)
 ParOldGen       total 68608K, used 42623K [0x0000000080000000, 0x0000000084300000, 0x00000000d5580000)
  object space 68608K, 62% used [0x0000000080000000,0x000000008299ff60,0x0000000084300000)
 Metaspace       used 49269K, committed 50624K, reserved 1114112K
  class space    used 5338K, committed 5888K, reserved 1048576K
}
Event: 13.761 GC heap before
{Heap before GC invocations=28 (full 2):
 PSYoungGen      total 24576K, used 24512K [0x00000000d5580000, 0x00000000d7000000, 0x0000000100000000)
  eden space 22016K, 100% used [0x00000000d5580000,0x00000000d6b00000,0x00000000d6b00000)
  from space 2560K, 97% used [0x00000000d6b80000,0x00000000d6df0010,0x00000000d6e00000)
  to   space 2048K, 0% used [0x00000000d6e00000,0x00000000d6e00000,0x00000000d7000000)
 ParOldGen       total 68608K, used 42623K [0x0000000080000000, 0x0000000084300000, 0x00000000d5580000)
  object space 68608K, 62% used [0x0000000080000000,0x000000008299ff60,0x0000000084300000)
 Metaspace       used 50058K, committed 51392K, reserved 1114112K
  class space    used 5441K, committed 6016K, reserved 1048576K
}
Event: 13.766 GC heap after
{Heap after GC invocations=28 (full 2):
 PSYoungGen      total 24064K, used 1848K [0x00000000d5580000, 0x00000000d7000000, 0x0000000100000000)
  eden space 22016K, 0% used [0x00000000d5580000,0x00000000d5580000,0x00000000d6b00000)
  from space 2048K, 90% used [0x00000000d6e00000,0x00000000d6fce200,0x00000000d7000000)
  to   space 2560K, 0% used [0x00000000d6b00000,0x00000000d6b00000,0x00000000d6d80000)
 ParOldGen       total 68608K, used 45039K [0x0000000080000000, 0x0000000084300000, 0x00000000d5580000)
  object space 68608K, 65% used [0x0000000080000000,0x0000000082bfbf70,0x0000000084300000)
 Metaspace       used 50058K, committed 51392K, reserved 1114112K
  class space    used 5441K, committed 6016K, reserved 1048576K
}
Event: 14.375 GC heap before
{Heap before GC invocations=29 (full 2):
 PSYoungGen      total 24064K, used 23864K [0x00000000d5580000, 0x00000000d7000000, 0x0000000100000000)
  eden space 22016K, 100% used [0x00000000d5580000,0x00000000d6b00000,0x00000000d6b00000)
  from space 2048K, 90% used [0x00000000d6e00000,0x00000000d6fce200,0x00000000d7000000)
  to   space 2560K, 0% used [0x00000000d6b00000,0x00000000d6b00000,0x00000000d6d80000)
 ParOldGen       total 68608K, used 45039K [0x0000000080000000, 0x0000000084300000, 0x00000000d5580000)
  object space 68608K, 65% used [0x0000000080000000,0x0000000082bfbf70,0x0000000084300000)
 Metaspace       used 51567K, committed 52928K, reserved 1114112K
  class space    used 5641K, committed 6208K, reserved 1048576K
}
Event: 14.379 GC heap after
{Heap after GC invocations=29 (full 2):
 PSYoungGen      total 23040K, used 683K [0x00000000d5580000, 0x00000000d6e80000, 0x0000000100000000)
  eden space 22016K, 0% used [0x00000000d5580000,0x00000000d5580000,0x00000000d6b00000)
  from space 1024K, 66% used [0x00000000d6b00000,0x00000000d6baae68,0x00000000d6c00000)
  to   space 1536K, 0% used [0x00000000d6d00000,0x00000000d6d00000,0x00000000d6e80000)
 ParOldGen       total 68608K, used 46744K [0x0000000080000000, 0x0000000084300000, 0x00000000d5580000)
  object space 68608K, 68% used [0x0000000080000000,0x0000000082da60e0,0x0000000084300000)
 Metaspace       used 51567K, committed 52928K, reserved 1114112K
  class space    used 5641K, committed 6208K, reserved 1048576K
}
Event: 14.969 GC heap before
{Heap before GC invocations=30 (full 2):
 PSYoungGen      total 23040K, used 22699K [0x00000000d5580000, 0x00000000d6e80000, 0x0000000100000000)
  eden space 22016K, 100% used [0x00000000d5580000,0x00000000d6b00000,0x00000000d6b00000)
  from space 1024K, 66% used [0x00000000d6b00000,0x00000000d6baae68,0x00000000d6c00000)
  to   space 1536K, 0% used [0x00000000d6d00000,0x00000000d6d00000,0x00000000d6e80000)
 ParOldGen       total 68608K, used 46744K [0x0000000080000000, 0x0000000084300000, 0x00000000d5580000)
  object space 68608K, 68% used [0x0000000080000000,0x0000000082da60e0,0x0000000084300000)
 Metaspace       used 53399K, committed 54784K, reserved 1114112K
  class space    used 5815K, committed 6400K, reserved 1048576K
}
Event: 14.972 GC heap after
{Heap after GC invocations=30 (full 2):
 PSYoungGen      total 23040K, used 640K [0x00000000d5580000, 0x00000000d6e00000, 0x0000000100000000)
  eden space 22016K, 0% used [0x00000000d5580000,0x00000000d5580000,0x00000000d6b00000)
  from space 1024K, 62% used [0x00000000d6d00000,0x00000000d6da0000,0x00000000d6e00000)
  to   space 1024K, 0% used [0x00000000d6b00000,0x00000000d6b00000,0x00000000d6c00000)
 ParOldGen       total 68608K, used 47248K [0x0000000080000000, 0x0000000084300000, 0x00000000d5580000)
  object space 68608K, 68% used [0x0000000080000000,0x0000000082e24118,0x0000000084300000)
 Metaspace       used 53399K, committed 54784K, reserved 1114112K
  class space    used 5815K, committed 6400K, reserved 1048576K
}
Event: 15.516 GC heap before
{Heap before GC invocations=31 (full 2):
 PSYoungGen      total 23040K, used 22655K [0x00000000d5580000, 0x00000000d6e00000, 0x0000000100000000)
  eden space 22016K, 99% used [0x00000000d5580000,0x00000000d6affff8,0x00000000d6b00000)
  from space 1024K, 62% used [0x00000000d6d00000,0x00000000d6da0000,0x00000000d6e00000)
  to   space 1024K, 0% used [0x00000000d6b00000,0x00000000d6b00000,0x00000000d6c00000)
 ParOldGen       total 68608K, used 47248K [0x0000000080000000, 0x0000000084300000, 0x00000000d5580000)
  object space 68608K, 68% used [0x0000000080000000,0x0000000082e24118,0x0000000084300000)
 Metaspace       used 56194K, committed 57600K, reserved 1114112K
  class space    used 6051K, committed 6656K, reserved 1048576K
}
Event: 15.518 GC heap after
{Heap after GC invocations=31 (full 2):
 PSYoungGen      total 23040K, used 1008K [0x00000000d5580000, 0x00000000d6e00000, 0x0000000100000000)
  eden space 22016K, 0% used [0x00000000d5580000,0x00000000d5580000,0x00000000d6b00000)
  from space 1024K, 98% used [0x00000000d6b00000,0x00000000d6bfc030,0x00000000d6c00000)
  to   space 1536K, 0% used [0x00000000d6c80000,0x00000000d6c80000,0x00000000d6e00000)
 ParOldGen       total 68608K, used 47608K [0x0000000080000000, 0x0000000084300000, 0x00000000d5580000)
  object space 68608K, 69% used [0x0000000080000000,0x0000000082e7e2c8,0x0000000084300000)
 Metaspace       used 56194K, committed 57600K, reserved 1114112K
  class space    used 6051K, committed 6656K, reserved 1048576K
}
Event: 15.734 GC heap before
{Heap before GC invocations=32 (full 2):
 PSYoungGen      total 23040K, used 23024K [0x00000000d5580000, 0x00000000d6e00000, 0x0000000100000000)
  eden space 22016K, 100% used [0x00000000d5580000,0x00000000d6b00000,0x00000000d6b00000)
  from space 1024K, 98% used [0x00000000d6b00000,0x00000000d6bfc030,0x00000000d6c00000)
  to   space 1536K, 0% used [0x00000000d6c80000,0x00000000d6c80000,0x00000000d6e00000)
 ParOldGen       total 68608K, used 47608K [0x0000000080000000, 0x0000000084300000, 0x00000000d5580000)
  object space 68608K, 69% used [0x0000000080000000,0x0000000082e7e2c8,0x0000000084300000)
 Metaspace       used 57324K, committed 58688K, reserved 1114112K
  class space    used 6152K, committed 6720K, reserved 1048576K
}
Event: 15.737 GC heap after
{Heap after GC invocations=32 (full 2):
 PSYoungGen      total 22016K, used 1530K [0x00000000d5580000, 0x00000000d7100000, 0x0000000100000000)
  eden space 20480K, 0% used [0x00000000d5580000,0x00000000d5580000,0x00000000d6980000)
  from space 1536K, 99% used [0x00000000d6c80000,0x00000000d6dfe920,0x00000000d6e00000)
  to   space 3072K, 0% used [0x00000000d6980000,0x00000000d6980000,0x00000000d6c80000)
 ParOldGen       total 68608K, used 48764K [0x0000000080000000, 0x0000000084300000, 0x00000000d5580000)
  object space 68608K, 71% used [0x0000000080000000,0x0000000082f9f338,0x0000000084300000)
 Metaspace       used 57324K, committed 58688K, reserved 1114112K
  class space    used 6152K, committed 6720K, reserved 1048576K
}
Event: 15.802 GC heap before
{Heap before GC invocations=33 (full 2):
 PSYoungGen      total 22016K, used 22010K [0x00000000d5580000, 0x00000000d7100000, 0x0000000100000000)
  eden space 20480K, 100% used [0x00000000d5580000,0x00000000d6980000,0x00000000d6980000)
  from space 1536K, 99% used [0x00000000d6c80000,0x00000000d6dfe920,0x00000000d6e00000)
  to   space 3072K, 0% used [0x00000000d6980000,0x00000000d6980000,0x00000000d6c80000)
 ParOldGen       total 68608K, used 48764K [0x0000000080000000, 0x0000000084300000, 0x00000000d5580000)
  object space 68608K, 71% used [0x0000000080000000,0x0000000082f9f338,0x0000000084300000)
 Metaspace       used 57447K, committed 58752K, reserved 1114112K
  class space    used 6163K, committed 6720K, reserved 1048576K
}
Event: 15.805 GC heap after
{Heap after GC invocations=33 (full 2):
 PSYoungGen      total 22528K, used 1741K [0x00000000d5580000, 0x00000000d6e80000, 0x0000000100000000)
  eden space 20480K, 0% used [0x00000000d5580000,0x00000000d5580000,0x00000000d6980000)
  from space 2048K, 85% used [0x00000000d6980000,0x00000000d6b335f0,0x00000000d6b80000)
  to   space 2560K, 0% used [0x00000000d6c00000,0x00000000d6c00000,0x00000000d6e80000)
 ParOldGen       total 68608K, used 50212K [0x0000000080000000, 0x0000000084300000, 0x00000000d5580000)
  object space 68608K, 73% used [0x0000000080000000,0x0000000083109188,0x0000000084300000)
 Metaspace       used 57447K, committed 58752K, reserved 1114112K
  class space    used 6163K, committed 6720K, reserved 1048576K
}
Event: 15.849 GC heap before
{Heap before GC invocations=34 (full 2):
 PSYoungGen      total 22528K, used 22221K [0x00000000d5580000, 0x00000000d6e80000, 0x0000000100000000)
  eden space 20480K, 100% used [0x00000000d5580000,0x00000000d6980000,0x00000000d6980000)
  from space 2048K, 85% used [0x00000000d6980000,0x00000000d6b335f0,0x00000000d6b80000)
  to   space 2560K, 0% used [0x00000000d6c00000,0x00000000d6c00000,0x00000000d6e80000)
 ParOldGen       total 68608K, used 50212K [0x0000000080000000, 0x0000000084300000, 0x00000000d5580000)
  object space 68608K, 73% used [0x0000000080000000,0x0000000083109188,0x0000000084300000)
 Metaspace       used 57489K, committed 58880K, reserved 1114112K
  class space    used 6164K, committed 6720K, reserved 1048576K
}
Event: 15.851 GC heap after
{Heap after GC invocations=34 (full 2):
 PSYoungGen      total 21504K, used 672K [0x00000000d5580000, 0x00000000d6d00000, 0x0000000100000000)
  eden space 20480K, 0% used [0x00000000d5580000,0x00000000d5580000,0x00000000d6980000)
  from space 1024K, 65% used [0x00000000d6c00000,0x00000000d6ca8000,0x00000000d6d00000)
  to   space 1536K, 0% used [0x00000000d6a00000,0x00000000d6a00000,0x00000000d6b80000)
 ParOldGen       total 68608K, used 51762K [0x0000000080000000, 0x0000000084300000, 0x00000000d5580000)
  object space 68608K, 75% used [0x0000000080000000,0x000000008328ca10,0x0000000084300000)
 Metaspace       used 57489K, committed 58880K, reserved 1114112K
  class space    used 6164K, committed 6720K, reserved 1048576K
}
Event: 15.919 GC heap before
{Heap before GC invocations=35 (full 2):
 PSYoungGen      total 21504K, used 21152K [0x00000000d5580000, 0x00000000d6d00000, 0x0000000100000000)
  eden space 20480K, 100% used [0x00000000d5580000,0x00000000d6980000,0x00000000d6980000)
  from space 1024K, 65% used [0x00000000d6c00000,0x00000000d6ca8000,0x00000000d6d00000)
  to   space 1536K, 0% used [0x00000000d6a00000,0x00000000d6a00000,0x00000000d6b80000)
 ParOldGen       total 68608K, used 51762K [0x0000000080000000, 0x0000000084300000, 0x00000000d5580000)
  object space 68608K, 75% used [0x0000000080000000,0x000000008328ca10,0x0000000084300000)
 Metaspace       used 57542K, committed 58880K, reserved 1114112K
  class space    used 6164K, committed 6720K, reserved 1048576K
}
Event: 15.923 GC heap after
{Heap after GC invocations=35 (full 2):
 PSYoungGen      total 22016K, used 1512K [0x00000000d5580000, 0x00000000d6e80000, 0x0000000100000000)
  eden space 20480K, 0% used [0x00000000d5580000,0x00000000d5580000,0x00000000d6980000)
  from space 1536K, 98% used [0x00000000d6a00000,0x00000000d6b7a020,0x00000000d6b80000)
  to   space 2560K, 0% used [0x00000000d6c00000,0x00000000d6c00000,0x00000000d6e80000)
 ParOldGen       total 68608K, used 52370K [0x0000000080000000, 0x0000000084300000, 0x00000000d5580000)
  object space 68608K, 76% used [0x0000000080000000,0x0000000083324a10,0x0000000084300000)
 Metaspace       used 57542K, committed 58880K, reserved 1114112K
  class space    used 6164K, committed 6720K, reserved 1048576K
}

