# JRE version: OpenJDK Runtime Environment Temurin-21.0.11+10 (21.0.11+10) (build 21.0.11+10-LTS)
# Java VM: OpenJDK 64-Bit Server VM Temurin-21.0.11+10 (21.0.11+10-LTS, mixed mode, sharing, tiered, compressed oops, compressed class ptrs, parallel gc, windows-amd64)
GC Precious Log:
 CardTable entry size: 512
 CPUs: 16 total, 16 available
 Memory: 14181M
 Large Page Support: Disabled
 NUMA Support: Disabled
 Compressed Oops: Enabled (32-bit)
 Alignments: Space 512K, Generation 512K, Heap 2M
 Heap Min Capacity: 100M
 Heap Initial Capacity: 100M
 Heap Max Capacity: 2G
 Pre-touch: Disabled
 Parallel Workers: 13
Heap:
 PSYoungGen      total 8192K, used 8192K [0x00000000d5580000, 0x00000000d6600000, 0x0000000100000000)
  eden space 5120K, 100% used [0x00000000d5580000,0x00000000d5a80000,0x00000000d5a80000)
  from space 3072K, 100% used [0x00000000d5a80000,0x00000000d5d80000,0x00000000d5d80000)
  to   space 5632K, 30% used [0x00000000d6080000,0x00000000d6228000,0x00000000d6600000)
 ParOldGen       total 368128K, used 368124K [0x0000000080000000, 0x0000000096780000, 0x00000000d5580000)
  object space 368128K, 99% used [0x0000000080000000,0x000000009677f038,0x0000000096780000)
 Metaspace       used 78618K, committed 80192K, reserved 1179648K
  class space    used 7874K, committed 8576K, reserved 1048576K
GC Heap History (20 events):
Event: 5505.672 GC heap before
{Heap before GC invocations=592 (full 4):
 PSYoungGen      total 3584K, used 3488K [0x00000000d5580000, 0x00000000d5a00000, 0x0000000100000000)
  eden space 3072K, 100% used [0x00000000d5580000,0x00000000d5880000,0x00000000d5880000)
  from space 512K, 81% used [0x00000000d5900000,0x00000000d5968000,0x00000000d5980000)
  to   space 512K, 0% used [0x00000000d5980000,0x00000000d5980000,0x00000000d5a00000)
 ParOldGen       total 355328K, used 354887K [0x0000000080000000, 0x0000000095b00000, 0x00000000d5580000)
  object space 355328K, 99% used [0x0000000080000000,0x0000000095a91df0,0x0000000095b00000)
 Metaspace       used 78302K, committed 79744K, reserved 1179648K
  class space    used 7844K, committed 8512K, reserved 1048576K
}
Event: 5505.675 GC heap after
{Heap after GC invocations=592 (full 4):
 PSYoungGen      total 3584K, used 485K [0x00000000d5580000, 0x00000000d5a00000, 0x0000000100000000)
  eden space 3072K, 0% used [0x00000000d5580000,0x00000000d5580000,0x00000000d5880000)
  from space 512K, 94% used [0x00000000d5980000,0x00000000d59f9420,0x00000000d5a00000)
  to   space 512K, 0% used [0x00000000d5900000,0x00000000d5900000,0x00000000d5980000)
 ParOldGen       total 355328K, used 355077K [0x0000000080000000, 0x0000000095b00000, 0x00000000d5580000)
  object space 355328K, 99% used [0x0000000080000000,0x0000000095ac1518,0x0000000095b00000)
 Metaspace       used 78302K, committed 79744K, reserved 1179648K
  class space    used 7844K, committed 8512K, reserved 1048576K
}
Event: 5506.021 GC heap before
{Heap before GC invocations=593 (full 4):
 PSYoungGen      total 3584K, used 3557K [0x00000000d5580000, 0x00000000d5a00000, 0x0000000100000000)
  eden space 3072K, 100% used [0x00000000d5580000,0x00000000d5880000,0x00000000d5880000)
  from space 512K, 94% used [0x00000000d5980000,0x00000000d59f9420,0x00000000d5a00000)
  to   space 512K, 0% used [0x00000000d5900000,0x00000000d5900000,0x00000000d5980000)
 ParOldGen       total 355328K, used 355077K [0x0000000080000000, 0x0000000095b00000, 0x00000000d5580000)
  object space 355328K, 99% used [0x0000000080000000,0x0000000095ac1518,0x0000000095b00000)
 Metaspace       used 78569K, committed 80064K, reserved 1179648K
  class space    used 7871K, committed 8576K, reserved 1048576K
}
Event: 5506.024 GC heap after
{Heap after GC invocations=593 (full 4):
 PSYoungGen      total 3584K, used 448K [0x00000000d5580000, 0x00000000d5a00000, 0x0000000100000000)
  eden space 3072K, 0% used [0x00000000d5580000,0x00000000d5580000,0x00000000d5880000)
  from space 512K, 87% used [0x00000000d5900000,0x00000000d5970000,0x00000000d5980000)
  to   space 512K, 0% used [0x00000000d5980000,0x00000000d5980000,0x00000000d5a00000)
 ParOldGen       total 355840K, used 355330K [0x0000000080000000, 0x0000000095b80000, 0x00000000d5580000)
  object space 355840K, 99% used [0x0000000080000000,0x0000000095b00938,0x0000000095b80000)
 Metaspace       used 78569K, committed 80064K, reserved 1179648K
  class space    used 7871K, committed 8576K, reserved 1048576K
}
Event: 5506.212 GC heap before
{Heap before GC invocations=594 (full 4):
 PSYoungGen      total 3584K, used 3362K [0x00000000d5580000, 0x00000000d5a00000, 0x0000000100000000)
  eden space 3072K, 94% used [0x00000000d5580000,0x00000000d5858b30,0x00000000d5880000)
  from space 512K, 87% used [0x00000000d5900000,0x00000000d5970000,0x00000000d5980000)
  to   space 512K, 0% used [0x00000000d5980000,0x00000000d5980000,0x00000000d5a00000)
 ParOldGen       total 355840K, used 355330K [0x0000000080000000, 0x0000000095b80000, 0x00000000d5580000)
  object space 355840K, 99% used [0x0000000080000000,0x0000000095b00938,0x0000000095b80000)
 Metaspace       used 78599K, committed 80128K, reserved 1179648K
  class space    used 7872K, committed 8576K, reserved 1048576K
}
Event: 5506.218 GC heap after
{Heap after GC invocations=594 (full 4):
 PSYoungGen      total 3584K, used 504K [0x00000000d5580000, 0x00000000d5a80000, 0x0000000100000000)
  eden space 3072K, 0% used [0x00000000d5580000,0x00000000d5580000,0x00000000d5880000)
  from space 512K, 98% used [0x00000000d5980000,0x00000000d59fe000,0x00000000d5a00000)
  to   space 1024K, 0% used [0x00000000d5880000,0x00000000d5880000,0x00000000d5980000)
 ParOldGen       total 355840K, used 355594K [0x0000000080000000, 0x0000000095b80000, 0x00000000d5580000)
  object space 355840K, 99% used [0x0000000080000000,0x0000000095b42948,0x0000000095b80000)
 Metaspace       used 78599K, committed 80128K, reserved 1179648K
  class space    used 7872K, committed 8576K, reserved 1048576K
}
Event: 5506.276 GC heap before
{Heap before GC invocations=595 (full 4):
 PSYoungGen      total 3584K, used 3570K [0x00000000d5580000, 0x00000000d5a80000, 0x0000000100000000)
  eden space 3072K, 99% used [0x00000000d5580000,0x00000000d587ea80,0x00000000d5880000)
  from space 512K, 98% used [0x00000000d5980000,0x00000000d59fe000,0x00000000d5a00000)
  to   space 1024K, 0% used [0x00000000d5880000,0x00000000d5880000,0x00000000d5980000)
 ParOldGen       total 355840K, used 355594K [0x0000000080000000, 0x0000000095b80000, 0x00000000d5580000)
  object space 355840K, 99% used [0x0000000080000000,0x0000000095b42948,0x0000000095b80000)
 Metaspace       used 78613K, committed 80192K, reserved 1179648K
  class space    used 7873K, committed 8576K, reserved 1048576K
}
Event: 5506.280 GC heap after
{Heap after GC invocations=595 (full 4):
 PSYoungGen      total 4096K, used 1002K [0x00000000d5580000, 0x00000000d5d80000, 0x0000000100000000)
  eden space 3072K, 0% used [0x00000000d5580000,0x00000000d5580000,0x00000000d5880000)
  from space 1024K, 97% used [0x00000000d5880000,0x00000000d597a8e8,0x00000000d5980000)
  to   space 2560K, 0% used [0x00000000d5b00000,0x00000000d5b00000,0x00000000d5d80000)
 ParOldGen       total 356864K, used 356527K [0x0000000080000000, 0x0000000095c80000, 0x00000000d5580000)
  object space 356864K, 99% used [0x0000000080000000,0x0000000095c2be58,0x0000000095c80000)
 Metaspace       used 78613K, committed 80192K, reserved 1179648K
  class space    used 7873K, committed 8576K, reserved 1048576K
}
Event: 5506.326 GC heap before
{Heap before GC invocations=596 (full 4):
 PSYoungGen      total 4096K, used 4074K [0x00000000d5580000, 0x00000000d5d80000, 0x0000000100000000)
  eden space 3072K, 100% used [0x00000000d5580000,0x00000000d5880000,0x00000000d5880000)
  from space 1024K, 97% used [0x00000000d5880000,0x00000000d597a8e8,0x00000000d5980000)
  to   space 2560K, 0% used [0x00000000d5b00000,0x00000000d5b00000,0x00000000d5d80000)
 ParOldGen       total 356864K, used 356527K [0x0000000080000000, 0x0000000095c80000, 0x00000000d5580000)
  object space 356864K, 99% used [0x0000000080000000,0x0000000095c2be58,0x0000000095c80000)
 Metaspace       used 78615K, committed 80192K, reserved 1179648K
  class space    used 7874K, committed 8576K, reserved 1048576K
}
Event: 5506.356 GC heap after
{Heap after GC invocations=596 (full 4):
 PSYoungGen      total 5632K, used 2122K [0x00000000d5580000, 0x00000000d5d80000, 0x0000000100000000)
  eden space 3072K, 0% used [0x00000000d5580000,0x00000000d5580000,0x00000000d5880000)
  from space 2560K, 82% used [0x00000000d5b00000,0x00000000d5d128e8,0x00000000d5d80000)
  to   space 2560K, 0% used [0x00000000d5880000,0x00000000d5880000,0x00000000d5b00000)
 ParOldGen       total 357888K, used 357329K [0x0000000080000000, 0x0000000095d80000, 0x00000000d5580000)
  object space 357888K, 99% used [0x0000000080000000,0x0000000095cf4750,0x0000000095d80000)
 Metaspace       used 78615K, committed 80192K, reserved 1179648K
  class space    used 7874K, committed 8576K, reserved 1048576K
}
Event: 5506.420 GC heap before
{Heap before GC invocations=597 (full 4):
 PSYoungGen      total 5632K, used 5194K [0x00000000d5580000, 0x00000000d5d80000, 0x0000000100000000)
  eden space 3072K, 100% used [0x00000000d5580000,0x00000000d5880000,0x00000000d5880000)
  from space 2560K, 82% used [0x00000000d5b00000,0x00000000d5d128e8,0x00000000d5d80000)
  to   space 2560K, 0% used [0x00000000d5880000,0x00000000d5880000,0x00000000d5b00000)
 ParOldGen       total 357888K, used 357329K [0x0000000080000000, 0x0000000095d80000, 0x00000000d5580000)
  object space 357888K, 99% used [0x0000000080000000,0x0000000095cf4750,0x0000000095d80000)
 Metaspace       used 78617K, committed 80192K, reserved 1179648K
  class space    used 7874K, committed 8576K, reserved 1048576K
}
Event: 5506.426 GC heap after
{Heap after GC invocations=597 (full 4):
 PSYoungGen      total 5632K, used 2016K [0x00000000d5580000, 0x00000000d5d80000, 0x0000000100000000)
  eden space 3072K, 0% used [0x00000000d5580000,0x00000000d5580000,0x00000000d5880000)
  from space 2560K, 78% used [0x00000000d5880000,0x00000000d5a78000,0x00000000d5b00000)
  to   space 2560K, 0% used [0x00000000d5b00000,0x00000000d5b00000,0x00000000d5d80000)
 ParOldGen       total 359424K, used 359212K [0x0000000080000000, 0x0000000095f00000, 0x00000000d5580000)
  object space 359424K, 99% used [0x0000000080000000,0x0000000095ecb038,0x0000000095f00000)
 Metaspace       used 78617K, committed 80192K, reserved 1179648K
  class space    used 7874K, committed 8576K, reserved 1048576K
}
Event: 5506.466 GC heap before
{Heap before GC invocations=598 (full 4):
 PSYoungGen      total 5632K, used 5088K [0x00000000d5580000, 0x00000000d5d80000, 0x0000000100000000)
  eden space 3072K, 100% used [0x00000000d5580000,0x00000000d5880000,0x00000000d5880000)
  from space 2560K, 78% used [0x00000000d5880000,0x00000000d5a78000,0x00000000d5b00000)
  to   space 2560K, 0% used [0x00000000d5b00000,0x00000000d5b00000,0x00000000d5d80000)
 ParOldGen       total 359424K, used 359212K [0x0000000080000000, 0x0000000095f00000, 0x00000000d5580000)
  object space 359424K, 99% used [0x0000000080000000,0x0000000095ecb038,0x0000000095f00000)
 Metaspace       used 78618K, committed 80192K, reserved 1179648K
  class space    used 7874K, committed 8576K, reserved 1048576K
}
Event: 5506.490 GC heap after
{Heap after GC invocations=598 (full 4):
 PSYoungGen      total 5120K, used 1952K [0x00000000d5580000, 0x00000000d5d00000, 0x0000000100000000)
  eden space 3072K, 0% used [0x00000000d5580000,0x00000000d5580000,0x00000000d5880000)
  from space 2048K, 95% used [0x00000000d5b00000,0x00000000d5ce8000,0x00000000d5d00000)
  to   space 2048K, 0% used [0x00000000d5900000,0x00000000d5900000,0x00000000d5b00000)
 ParOldGen       total 361472K, used 361100K [0x0000000080000000, 0x0000000096100000, 0x00000000d5580000)
  object space 361472K, 99% used [0x0000000080000000,0x00000000960a3038,0x0000000096100000)
 Metaspace       used 78618K, committed 80192K, reserved 1179648K
  class space    used 7874K, committed 8576K, reserved 1048576K
}
Event: 5506.529 GC heap before
{Heap before GC invocations=599 (full 4):
 PSYoungGen      total 5120K, used 5024K [0x00000000d5580000, 0x00000000d5d00000, 0x0000000100000000)
  eden space 3072K, 100% used [0x00000000d5580000,0x00000000d5880000,0x00000000d5880000)
  from space 2048K, 95% used [0x00000000d5b00000,0x00000000d5ce8000,0x00000000d5d00000)
  to   space 2048K, 0% used [0x00000000d5900000,0x00000000d5900000,0x00000000d5b00000)
 ParOldGen       total 361472K, used 361100K [0x0000000080000000, 0x0000000096100000, 0x00000000d5580000)
  object space 361472K, 99% used [0x0000000080000000,0x00000000960a3038,0x0000000096100000)
 Metaspace       used 78618K, committed 80192K, reserved 1179648K
  class space    used 7874K, committed 8576K, reserved 1048576K
}
Event: 5506.544 GC heap after
{Heap after GC invocations=599 (full 4):
 PSYoungGen      total 5632K, used 2048K [0x00000000d5580000, 0x00000000d6280000, 0x0000000100000000)
  eden space 3584K, 0% used [0x00000000d5580000,0x00000000d5580000,0x00000000d5900000)
  from space 2048K, 100% used [0x00000000d5900000,0x00000000d5b00000,0x00000000d5b00000)
  to   space 4608K, 0% used [0x00000000d5e00000,0x00000000d5e00000,0x00000000d6280000)
 ParOldGen       total 363008K, used 362940K [0x0000000080000000, 0x0000000096280000, 0x00000000d5580000)
  object space 363008K, 99% used [0x0000000080000000,0x000000009626f038,0x0000000096280000)
 Metaspace       used 78618K, committed 80192K, reserved 1179648K
  class space    used 7874K, committed 8576K, reserved 1048576K
}
Event: 5506.609 GC heap before
{Heap before GC invocations=600 (full 4):
 PSYoungGen      total 5632K, used 5632K [0x00000000d5580000, 0x00000000d6280000, 0x0000000100000000)
  eden space 3584K, 100% used [0x00000000d5580000,0x00000000d5900000,0x00000000d5900000)
  from space 2048K, 100% used [0x00000000d5900000,0x00000000d5b00000,0x00000000d5b00000)
  to   space 4608K, 0% used [0x00000000d5e00000,0x00000000d5e00000,0x00000000d6280000)
 ParOldGen       total 363008K, used 362940K [0x0000000080000000, 0x0000000096280000, 0x00000000d5580000)
  object space 363008K, 99% used [0x0000000080000000,0x000000009626f038,0x0000000096280000)
 Metaspace       used 78618K, committed 80192K, reserved 1179648K
  class space    used 7874K, committed 8576K, reserved 1048576K
}
Event: 5506.635 GC heap after
{Heap after GC invocations=600 (full 4):
 PSYoungGen      total 7168K, used 2112K [0x00000000d5580000, 0x00000000d6080000, 0x0000000100000000)
  eden space 4608K, 0% used [0x00000000d5580000,0x00000000d5580000,0x00000000d5a00000)
  from space 2560K, 82% used [0x00000000d5e00000,0x00000000d6010000,0x00000000d6080000)
  to   space 3072K, 0% used [0x00000000d5a80000,0x00000000d5a80000,0x00000000d5d80000)
 ParOldGen       total 365056K, used 364980K [0x0000000080000000, 0x0000000096480000, 0x00000000d5580000)
  object space 365056K, 99% used [0x0000000080000000,0x000000009646d038,0x0000000096480000)
 Metaspace       used 78618K, committed 80192K, reserved 1179648K
  class space    used 7874K, committed 8576K, reserved 1048576K
}
Event: 5506.700 GC heap before
{Heap before GC invocations=601 (full 4):
 PSYoungGen      total 7168K, used 6720K [0x00000000d5580000, 0x00000000d6080000, 0x0000000100000000)
  eden space 4608K, 100% used [0x00000000d5580000,0x00000000d5a00000,0x00000000d5a00000)
  from space 2560K, 82% used [0x00000000d5e00000,0x00000000d6010000,0x00000000d6080000)
  to   space 3072K, 0% used [0x00000000d5a80000,0x00000000d5a80000,0x00000000d5d80000)
 ParOldGen       total 365056K, used 364980K [0x0000000080000000, 0x0000000096480000, 0x00000000d5580000)
  object space 365056K, 99% used [0x0000000080000000,0x000000009646d038,0x0000000096480000)
 Metaspace       used 78618K, committed 80192K, reserved 1179648K
  class space    used 7874K, committed 8576K, reserved 1048576K
}
Event: 5506.716 GC heap after
{Heap after GC invocations=601 (full 4):
 PSYoungGen      total 8192K, used 3072K [0x00000000d5580000, 0x00000000d6600000, 0x0000000100000000)
  eden space 5120K, 0% used [0x00000000d5580000,0x00000000d5580000,0x00000000d5a80000)
  from space 3072K, 100% used [0x00000000d5a80000,0x00000000d5d80000,0x00000000d5d80000)
  to   space 5632K, 0% used [0x00000000d6080000,0x00000000d6080000,0x00000000d6600000)
 ParOldGen       total 367104K, used 366972K [0x0000000080000000, 0x0000000096680000, 0x00000000d5580000)
  object space 367104K, 99% used [0x0000000080000000,0x000000009665f038,0x0000000096680000)
 Metaspace       used 78618K, committed 80192K, reserved 1179648K
  class space    used 7874K, committed 8576K, reserved 1048576K
}

