# JRE version: OpenJDK Runtime Environment (25.0.1+8) (build 25.0.1+8-27)
# Java VM: OpenJDK 64-Bit Server VM (25.0.1+8-27, mixed mode, sharing, tiered, compressed oops, compressed class ptrs, g1 gc, windows-amd64)
GC Precious Log:
 CardTable entry size: 512
 Card Set container configuration: InlinePtr #cards 4 size 8 Array Of Cards #cards 16 size 48 Howl #buckets 8 coarsen threshold 3686 Howl Bitmap #cards 512 size 80 coarsen threshold 460 Card regions per heap region 1 cards per card region 4096
 CPUs: 16 total, 16 available
 Memory: 14181M
 Large Page Support: Disabled
 NUMA Support: Disabled
 Compressed Oops: Enabled (Zero based)
 Heap Region Size: 2M
 Heap Min Capacity: 8M
 Heap Initial Capacity: 222M
 Heap Max Capacity: 3546M
 Pre-touch: Disabled
 Parallel Workers: 13
 Concurrent Workers: 3
 Concurrent Refinement Workers: 13
 Periodic GC: Disabled
Heap:
 garbage-first heap   total reserved 3631104K, committed 135168K, used 96260K [0x0000000722600000, 0x0000000800000000)
  region size 2048K, 26 young (53248K), 3 survivors (6144K)
GC Heap Usage History (20 events):
Event: 1787.846 {heap Before GC invocations=48 (full 1):
 garbage-first heap   total reserved 3631104K, committed 92160K, used 80554K [0x0000000722600000, 0x0000000800000000)
  region size 2048K, 17 young (34816K), 2 survivors (4096K)
}
Event: 1787.853 {heap After GC invocations=49 (full 1):
 garbage-first heap   total reserved 3631104K, committed 92160K, used 50847K [0x0000000722600000, 0x0000000800000000)
  region size 2048K, 2 young (4096K), 2 survivors (4096K)
}
Event: 1788.739 {heap Before GC invocations=50 (full 1):
 garbage-first heap   total reserved 3631104K, committed 96256K, used 79519K [0x0000000722600000, 0x0000000800000000)
  region size 2048K, 16 young (32768K), 2 survivors (4096K)
}
Event: 1788.748 {heap After GC invocations=51 (full 1):
 garbage-first heap   total reserved 3631104K, committed 96256K, used 51947K [0x0000000722600000, 0x0000000800000000)
  region size 2048K, 2 young (4096K), 2 survivors (4096K)
}
Event: 1789.607 {heap Before GC invocations=51 (full 1):
 garbage-first heap   total reserved 3631104K, committed 96256K, used 82667K [0x0000000722600000, 0x0000000800000000)
  region size 2048K, 17 young (34816K), 2 survivors (4096K)
}
Event: 1789.613 {heap After GC invocations=52 (full 1):
 garbage-first heap   total reserved 3631104K, committed 96256K, used 52717K [0x0000000722600000, 0x0000000800000000)
  region size 2048K, 2 young (4096K), 2 survivors (4096K)
}
Event: 1795.127 {heap Before GC invocations=52 (full 1):
 garbage-first heap   total reserved 3631104K, committed 96256K, used 85485K [0x0000000722600000, 0x0000000800000000)
  region size 2048K, 18 young (36864K), 2 survivors (4096K)
}
Event: 1795.132 {heap After GC invocations=53 (full 1):
 garbage-first heap   total reserved 3631104K, committed 96256K, used 52808K [0x0000000722600000, 0x0000000800000000)
  region size 2048K, 2 young (4096K), 2 survivors (4096K)
}
Event: 1795.134 {heap Before GC invocations=53 (full 1):
 garbage-first heap   total reserved 3631104K, committed 96256K, used 52808K [0x0000000722600000, 0x0000000800000000)
  region size 2048K, 3 young (6144K), 2 survivors (4096K)
}
Event: 1795.299 {heap After GC invocations=54 (full 2):
 garbage-first heap   total reserved 3631104K, committed 96256K, used 39545K [0x0000000722600000, 0x0000000800000000)
  region size 2048K, 0 young (0K), 0 survivors (0K)
}
Event: 1797.129 {heap Before GC invocations=54 (full 2):
 garbage-first heap   total reserved 3631104K, committed 96256K, used 82553K [0x0000000722600000, 0x0000000800000000)
  region size 2048K, 22 young (45056K), 0 survivors (0K)
}
Event: 1797.137 {heap After GC invocations=55 (full 2):
 garbage-first heap   total reserved 3631104K, committed 98304K, used 46535K [0x0000000722600000, 0x0000000800000000)
  region size 2048K, 3 young (6144K), 3 survivors (6144K)
}
Event: 1799.376 {heap Before GC invocations=55 (full 2):
 garbage-first heap   total reserved 3631104K, committed 98304K, used 83399K [0x0000000722600000, 0x0000000800000000)
  region size 2048K, 21 young (43008K), 3 survivors (6144K)
}
Event: 1799.395 {heap After GC invocations=56 (full 2):
 garbage-first heap   total reserved 3631104K, committed 100352K, used 49503K [0x0000000722600000, 0x0000000800000000)
  region size 2048K, 2 young (4096K), 2 survivors (4096K)
}
Event: 1801.723 {heap Before GC invocations=57 (full 2):
 garbage-first heap   total reserved 3631104K, committed 100352K, used 84319K [0x0000000722600000, 0x0000000800000000)
  region size 2048K, 19 young (38912K), 2 survivors (4096K)
}
Event: 1801.728 {heap After GC invocations=58 (full 2):
 garbage-first heap   total reserved 3631104K, committed 100352K, used 50651K [0x0000000722600000, 0x0000000800000000)
  region size 2048K, 2 young (4096K), 2 survivors (4096K)
}
Event: 1802.842 {heap Before GC invocations=58 (full 2):
 garbage-first heap   total reserved 3631104K, committed 100352K, used 85467K [0x0000000722600000, 0x0000000800000000)
  region size 2048K, 19 young (38912K), 2 survivors (4096K)
}
Event: 1802.852 {heap After GC invocations=59 (full 2):
 garbage-first heap   total reserved 3631104K, committed 135168K, used 52084K [0x0000000722600000, 0x0000000800000000)
  region size 2048K, 2 young (4096K), 2 survivors (4096K)
}
Event: 1805.124 {heap Before GC invocations=59 (full 2):
 garbage-first heap   total reserved 3631104K, committed 135168K, used 117620K [0x0000000722600000, 0x0000000800000000)
  region size 2048K, 34 young (69632K), 2 survivors (4096K)
}
Event: 1805.130 {heap After GC invocations=60 (full 2):
 garbage-first heap   total reserved 3631104K, committed 135168K, used 53252K [0x0000000722600000, 0x0000000800000000)
  region size 2048K, 3 young (6144K), 3 survivors (6144K)
}

