# JRE version: OpenJDK Runtime Environment (25.0.1+8) (build 25.0.1+8-27)
# Java VM: OpenJDK 64-Bit Server VM (25.0.1+8-27, mixed mode, sharing, tiered, compressed oops, compressed class ptrs, g1 gc, windows-amd64)
GC Precious Log:
 CardTable entry size: 512
 Card Set container configuration: InlinePtr #cards 4 size 8 Array Of Cards #cards 16 size 48 Howl #buckets 8 coarsen threshold 3686 Howl Bitmap #cards 512 size 80 coarsen threshold 460 Card regions per heap region 1 cards per card region 4096
 CPUs: 16 total, 16 available
 Memory: 14181M
 Large Page Support: Disabled
 NUMA Support: Disabled
 Compressed Oops: Enabled (Zero based)
 Heap Region Size: 2M
 Heap Min Capacity: 8M
 Heap Initial Capacity: 222M
 Heap Max Capacity: 3546M
 Pre-touch: Disabled
 Parallel Workers: 13
 Concurrent Workers: 3
 Concurrent Refinement Workers: 13
 Periodic GC: Disabled
Heap:
 garbage-first heap   total reserved 3631104K, committed 86016K, used 56476K [0x0000000722600000, 0x0000000800000000)
  region size 2048K, 9 young (18432K), 2 survivors (4096K)
GC Heap Usage History (20 events):
Event: 8.688 {heap Before GC invocations=7 (full 0):
 garbage-first heap   total reserved 3631104K, committed 86016K, used 62279K [0x0000000722600000, 0x0000000800000000)
  region size 2048K, 21 young (43008K), 3 survivors (6144K)
}
Event: 8.695 {heap After GC invocations=8 (full 0):
 garbage-first heap   total reserved 3631104K, committed 86016K, used 28165K [0x0000000722600000, 0x0000000800000000)
  region size 2048K, 2 young (4096K), 2 survivors (4096K)
}
Event: 10.211 {heap Before GC invocations=8 (full 0):
 garbage-first heap   total reserved 3631104K, committed 86016K, used 65029K [0x0000000722600000, 0x0000000800000000)
  region size 2048K, 21 young (43008K), 2 survivors (4096K)
}
Event: 10.218 {heap After GC invocations=9 (full 0):
 garbage-first heap   total reserved 3631104K, committed 86016K, used 30723K [0x0000000722600000, 0x0000000800000000)
  region size 2048K, 3 young (6144K), 3 survivors (6144K)
}
Event: 11.584 {heap Before GC invocations=9 (full 0):
 garbage-first heap   total reserved 3631104K, committed 86016K, used 67587K [0x0000000722600000, 0x0000000800000000)
  region size 2048K, 22 young (45056K), 3 survivors (6144K)
}
Event: 11.591 {heap After GC invocations=10 (full 0):
 garbage-first heap   total reserved 3631104K, committed 86016K, used 33491K [0x0000000722600000, 0x0000000800000000)
  region size 2048K, 3 young (6144K), 3 survivors (6144K)
}
Event: 12.137 {heap Before GC invocations=10 (full 0):
 garbage-first heap   total reserved 3631104K, committed 86016K, used 41683K [0x0000000722600000, 0x0000000800000000)
  region size 2048K, 8 young (16384K), 3 survivors (6144K)
}
Event: 12.144 {heap After GC invocations=11 (full 0):
 garbage-first heap   total reserved 3631104K, committed 86016K, used 34599K [0x0000000722600000, 0x0000000800000000)
  region size 2048K, 2 young (4096K), 2 survivors (4096K)
}
Event: 13.571 {heap Before GC invocations=12 (full 0):
 garbage-first heap   total reserved 3631104K, committed 86016K, used 69415K [0x0000000722600000, 0x0000000800000000)
  region size 2048K, 20 young (40960K), 2 survivors (4096K)
}
Event: 13.577 {heap After GC invocations=13 (full 0):
 garbage-first heap   total reserved 3631104K, committed 86016K, used 36171K [0x0000000722600000, 0x0000000800000000)
  region size 2048K, 2 young (4096K), 2 survivors (4096K)
}
Event: 14.625 {heap Before GC invocations=13 (full 0):
 garbage-first heap   total reserved 3631104K, committed 86016K, used 73035K [0x0000000722600000, 0x0000000800000000)
  region size 2048K, 20 young (40960K), 2 survivors (4096K)
}
Event: 14.629 {heap After GC invocations=14 (full 0):
 garbage-first heap   total reserved 3631104K, committed 86016K, used 37488K [0x0000000722600000, 0x0000000800000000)
  region size 2048K, 3 young (6144K), 3 survivors (6144K)
}
Event: 15.263 {heap Before GC invocations=14 (full 0):
 garbage-first heap   total reserved 3631104K, committed 86016K, used 72304K [0x0000000722600000, 0x0000000800000000)
  region size 2048K, 21 young (43008K), 3 survivors (6144K)
}
Event: 15.270 {heap After GC invocations=15 (full 0):
 garbage-first heap   total reserved 3631104K, committed 86016K, used 39650K [0x0000000722600000, 0x0000000800000000)
  region size 2048K, 2 young (4096K), 2 survivors (4096K)
}
Event: 16.033 {heap Before GC invocations=15 (full 0):
 garbage-first heap   total reserved 3631104K, committed 86016K, used 76514K [0x0000000722600000, 0x0000000800000000)
  region size 2048K, 20 young (40960K), 2 survivors (4096K)
}
Event: 16.038 {heap After GC invocations=16 (full 0):
 garbage-first heap   total reserved 3631104K, committed 86016K, used 41008K [0x0000000722600000, 0x0000000800000000)
  region size 2048K, 2 young (4096K), 2 survivors (4096K)
}
Event: 16.791 {heap Before GC invocations=17 (full 0):
 garbage-first heap   total reserved 3631104K, committed 86016K, used 75824K [0x0000000722600000, 0x0000000800000000)
  region size 2048K, 19 young (38912K), 2 survivors (4096K)
}
Event: 16.795 {heap After GC invocations=18 (full 0):
 garbage-first heap   total reserved 3631104K, committed 86016K, used 43069K [0x0000000722600000, 0x0000000800000000)
  region size 2048K, 2 young (4096K), 2 survivors (4096K)
}
Event: 17.401 {heap Before GC invocations=18 (full 0):
 garbage-first heap   total reserved 3631104K, committed 86016K, used 77885K [0x0000000722600000, 0x0000000800000000)
  region size 2048K, 19 young (38912K), 2 survivors (4096K)
}
Event: 17.406 {heap After GC invocations=19 (full 0):
 garbage-first heap   total reserved 3631104K, committed 86016K, used 44188K [0x0000000722600000, 0x0000000800000000)
  region size 2048K, 2 young (4096K), 2 survivors (4096K)
}

