# JRE version: OpenJDK Runtime Environment (25.0.1+8) (build 25.0.1+8-27)
# Java VM: OpenJDK 64-Bit Server VM (25.0.1+8-27, mixed mode, sharing, tiered, compressed oops, compressed class ptrs, g1 gc, windows-amd64)
GC Precious Log:
 CardTable entry size: 512
 Card Set container configuration: InlinePtr #cards 4 size 8 Array Of Cards #cards 16 size 48 Howl #buckets 8 coarsen threshold 3686 Howl Bitmap #cards 512 size 80 coarsen threshold 460 Card regions per heap region 1 cards per card region 4096
 CPUs: 16 total, 16 available
 Memory: 14181M
 Large Page Support: Disabled
 NUMA Support: Disabled
 Compressed Oops: Enabled (Zero based)
 Heap Region Size: 2M
 Heap Min Capacity: 8M
 Heap Initial Capacity: 222M
 Heap Max Capacity: 3546M
 Pre-touch: Disabled
 Parallel Workers: 13
 Concurrent Workers: 3
 Concurrent Refinement Workers: 13
 Periodic GC: Disabled
Heap:
 garbage-first heap   total reserved 3631104K, committed 159744K, used 90214K [0x0000000722600000, 0x0000000800000000)
  region size 2048K, 11 young (22528K), 3 survivors (6144K)
GC Heap Usage History (20 events):
Event: 666.991 {heap Before GC invocations=52 (full 1):
 garbage-first heap   total reserved 3631104K, committed 116736K, used 103578K [0x0000000722600000, 0x0000000800000000)
  region size 2048K, 20 young (40960K), 3 survivors (6144K)
}
Event: 666.996 {heap After GC invocations=53 (full 1):
 garbage-first heap   total reserved 3631104K, committed 116736K, used 70306K [0x0000000722600000, 0x0000000800000000)
  region size 2048K, 3 young (6144K), 3 survivors (6144K)
}
Event: 667.349 {heap Before GC invocations=54 (full 1):
 garbage-first heap   total reserved 3631104K, committed 126976K, used 103074K [0x0000000722600000, 0x0000000800000000)
  region size 2048K, 19 young (38912K), 3 survivors (6144K)
}
Event: 667.353 {heap After GC invocations=55 (full 1):
 garbage-first heap   total reserved 3631104K, committed 126976K, used 71470K [0x0000000722600000, 0x0000000800000000)
  region size 2048K, 3 young (6144K), 3 survivors (6144K)
}
Event: 667.772 {heap Before GC invocations=55 (full 1):
 garbage-first heap   total reserved 3631104K, committed 126976K, used 112430K [0x0000000722600000, 0x0000000800000000)
  region size 2048K, 23 young (47104K), 3 survivors (6144K)
}
Event: 667.778 {heap After GC invocations=56 (full 1):
 garbage-first heap   total reserved 3631104K, committed 126976K, used 73306K [0x0000000722600000, 0x0000000800000000)
  region size 2048K, 3 young (6144K), 3 survivors (6144K)
}
Event: 695.371 {heap Before GC invocations=56 (full 1):
 garbage-first heap   total reserved 3631104K, committed 126976K, used 114266K [0x0000000722600000, 0x0000000800000000)
  region size 2048K, 23 young (47104K), 3 survivors (6144K)
}
Event: 695.376 {heap After GC invocations=57 (full 1):
 garbage-first heap   total reserved 3631104K, committed 153600K, used 73907K [0x0000000722600000, 0x0000000800000000)
  region size 2048K, 2 young (4096K), 2 survivors (4096K)
}
Event: 716.865 {heap Before GC invocations=58 (full 1):
 garbage-first heap   total reserved 3631104K, committed 153600K, used 92339K [0x0000000722600000, 0x0000000800000000)
  region size 2048K, 12 young (24576K), 2 survivors (4096K)
}
Event: 717.024 {heap After GC invocations=59 (full 2):
 garbage-first heap   total reserved 3631104K, committed 153600K, used 49560K [0x0000000722600000, 0x0000000800000000)
  region size 2048K, 0 young (0K), 0 survivors (0K)
}
Event: 718.283 {heap Before GC invocations=59 (full 2):
 garbage-first heap   total reserved 3631104K, committed 153600K, used 135576K [0x0000000722600000, 0x0000000800000000)
  region size 2048K, 43 young (88064K), 0 survivors (0K)
}
Event: 718.293 {heap After GC invocations=60 (full 2):
 garbage-first heap   total reserved 3631104K, committed 157696K, used 62808K [0x0000000722600000, 0x0000000800000000)
  region size 2048K, 6 young (12288K), 6 survivors (12288K)
}
Event: 719.239 {heap Before GC invocations=61 (full 2):
 garbage-first heap   total reserved 3631104K, committed 157696K, used 134488K [0x0000000722600000, 0x0000000800000000)
  region size 2048K, 41 young (83968K), 6 survivors (12288K)
}
Event: 719.246 {heap After GC invocations=62 (full 2):
 garbage-first heap   total reserved 3631104K, committed 159744K, used 67655K [0x0000000722600000, 0x0000000800000000)
  region size 2048K, 3 young (6144K), 3 survivors (6144K)
}
Event: 719.641 {heap Before GC invocations=62 (full 2):
 garbage-first heap   total reserved 3631104K, committed 159744K, used 137287K [0x0000000722600000, 0x0000000800000000)
  region size 2048K, 37 young (75776K), 3 survivors (6144K)
}
Event: 719.646 {heap After GC invocations=63 (full 2):
 garbage-first heap   total reserved 3631104K, committed 159744K, used 71310K [0x0000000722600000, 0x0000000800000000)
  region size 2048K, 4 young (8192K), 4 survivors (8192K)
}
Event: 719.997 {heap Before GC invocations=63 (full 2):
 garbage-first heap   total reserved 3631104K, committed 159744K, used 140942K [0x0000000722600000, 0x0000000800000000)
  region size 2048K, 38 young (77824K), 4 survivors (8192K)
}
Event: 720.002 {heap After GC invocations=64 (full 2):
 garbage-first heap   total reserved 3631104K, committed 159744K, used 74450K [0x0000000722600000, 0x0000000800000000)
  region size 2048K, 4 young (8192K), 4 survivors (8192K)
}
Event: 720.294 {heap Before GC invocations=65 (full 2):
 garbage-first heap   total reserved 3631104K, committed 159744K, used 139986K [0x0000000722600000, 0x0000000800000000)
  region size 2048K, 36 young (73728K), 4 survivors (8192K)
}
Event: 720.298 {heap After GC invocations=66 (full 2):
 garbage-first heap   total reserved 3631104K, committed 159744K, used 75878K [0x0000000722600000, 0x0000000800000000)
  region size 2048K, 3 young (6144K), 3 survivors (6144K)
}

