# JRE version: OpenJDK Runtime Environment (25.0.1+8) (build 25.0.1+8-27)
# Java VM: OpenJDK 64-Bit Server VM (25.0.1+8-27, mixed mode, sharing, tiered, compressed oops, compressed class ptrs, g1 gc, windows-amd64)
GC Precious Log:
 CardTable entry size: 512
 Card Set container configuration: InlinePtr #cards 4 size 8 Array Of Cards #cards 16 size 48 Howl #buckets 8 coarsen threshold 3686 Howl Bitmap #cards 512 size 80 coarsen threshold 460 Card regions per heap region 1 cards per card region 4096
 CPUs: 16 total, 16 available
 Memory: 14181M
 Large Page Support: Disabled
 NUMA Support: Disabled
 Compressed Oops: Enabled (Zero based)
 Heap Region Size: 2M
 Heap Min Capacity: 8M
 Heap Initial Capacity: 222M
 Heap Max Capacity: 3546M
 Pre-touch: Disabled
 Parallel Workers: 13
 Concurrent Workers: 3
 Concurrent Refinement Workers: 13
 Periodic GC: Disabled
Heap:
 garbage-first heap   total reserved 3631104K, committed 167936K, used 76595K [0x0000000722600000, 0x0000000800000000)
  region size 2048K, 5 young (10240K), 4 survivors (8192K)
GC Heap Usage History (20 events):
Event: 398.706 {heap Before GC invocations=40 (full 1):
 garbage-first heap   total reserved 3631104K, committed 133120K, used 118418K [0x0000000722600000, 0x0000000800000000)
  region size 2048K, 26 young (53248K), 3 survivors (6144K)
}
Event: 398.710 {heap After GC invocations=41 (full 1):
 garbage-first heap   total reserved 3631104K, committed 133120K, used 73069K [0x0000000722600000, 0x0000000800000000)
  region size 2048K, 3 young (6144K), 3 survivors (6144K)
}
Event: 399.282 {heap Before GC invocations=41 (full 1):
 garbage-first heap   total reserved 3631104K, committed 133120K, used 122221K [0x0000000722600000, 0x0000000800000000)
  region size 2048K, 27 young (55296K), 3 survivors (6144K)
}
Event: 399.287 {heap After GC invocations=42 (full 1):
 garbage-first heap   total reserved 3631104K, committed 135168K, used 73860K [0x0000000722600000, 0x0000000800000000)
  region size 2048K, 3 young (6144K), 3 survivors (6144K)
}
Event: 399.698 {heap Before GC invocations=42 (full 1):
 garbage-first heap   total reserved 3631104K, committed 135168K, used 123012K [0x0000000722600000, 0x0000000800000000)
  region size 2048K, 27 young (55296K), 3 survivors (6144K)
}
Event: 399.705 {heap After GC invocations=43 (full 1):
 garbage-first heap   total reserved 3631104K, committed 135168K, used 76118K [0x0000000722600000, 0x0000000800000000)
  region size 2048K, 3 young (6144K), 3 survivors (6144K)
}
Event: 405.687 {heap Before GC invocations=44 (full 1):
 garbage-first heap   total reserved 3631104K, committed 135168K, used 117078K [0x0000000722600000, 0x0000000800000000)
  region size 2048K, 24 young (49152K), 3 survivors (6144K)
}
Event: 405.779 {heap After GC invocations=45 (full 2):
 garbage-first heap   total reserved 3631104K, committed 135168K, used 50523K [0x0000000722600000, 0x0000000800000000)
  region size 2048K, 0 young (0K), 0 survivors (0K)
}
Event: 406.633 {heap Before GC invocations=45 (full 2):
 garbage-first heap   total reserved 3631104K, committed 135168K, used 116059K [0x0000000722600000, 0x0000000800000000)
  region size 2048K, 33 young (67584K), 0 survivors (0K)
}
Event: 406.640 {heap After GC invocations=46 (full 2):
 garbage-first heap   total reserved 3631104K, committed 137216K, used 62807K [0x0000000722600000, 0x0000000800000000)
  region size 2048K, 5 young (10240K), 5 survivors (10240K)
}
Event: 407.493 {heap Before GC invocations=47 (full 2):
 garbage-first heap   total reserved 3631104K, committed 137216K, used 114007K [0x0000000722600000, 0x0000000800000000)
  region size 2048K, 31 young (63488K), 5 survivors (10240K)
}
Event: 407.500 {heap After GC invocations=48 (full 2):
 garbage-first heap   total reserved 3631104K, committed 139264K, used 67160K [0x0000000722600000, 0x0000000800000000)
  region size 2048K, 3 young (6144K), 3 survivors (6144K)
}
Event: 407.983 {heap Before GC invocations=48 (full 2):
 garbage-first heap   total reserved 3631104K, committed 139264K, used 118360K [0x0000000722600000, 0x0000000800000000)
  region size 2048K, 28 young (57344K), 3 survivors (6144K)
}
Event: 407.988 {heap After GC invocations=49 (full 2):
 garbage-first heap   total reserved 3631104K, committed 139264K, used 69354K [0x0000000722600000, 0x0000000800000000)
  region size 2048K, 3 young (6144K), 3 survivors (6144K)
}
Event: 408.380 {heap Before GC invocations=49 (full 2):
 garbage-first heap   total reserved 3631104K, committed 139264K, used 120554K [0x0000000722600000, 0x0000000800000000)
  region size 2048K, 28 young (57344K), 3 survivors (6144K)
}
Event: 408.386 {heap After GC invocations=50 (full 2):
 garbage-first heap   total reserved 3631104K, committed 167936K, used 71720K [0x0000000722600000, 0x0000000800000000)
  region size 2048K, 3 young (6144K), 3 survivors (6144K)
}
Event: 409.112 {heap Before GC invocations=51 (full 2):
 garbage-first heap   total reserved 3631104K, committed 167936K, used 145448K [0x0000000722600000, 0x0000000800000000)
  region size 2048K, 39 young (79872K), 3 survivors (6144K)
}
Event: 409.130 {heap After GC invocations=52 (full 2):
 garbage-first heap   total reserved 3631104K, committed 167936K, used 74758K [0x0000000722600000, 0x0000000800000000)
  region size 2048K, 4 young (8192K), 4 survivors (8192K)
}
Event: 415.768 {heap Before GC invocations=52 (full 2):
 garbage-first heap   total reserved 3631104K, committed 167936K, used 146438K [0x0000000722600000, 0x0000000800000000)
  region size 2048K, 39 young (79872K), 4 survivors (8192K)
}
Event: 415.777 {heap After GC invocations=53 (full 2):
 garbage-first heap   total reserved 3631104K, committed 167936K, used 76595K [0x0000000722600000, 0x0000000800000000)
  region size 2048K, 4 young (8192K), 4 survivors (8192K)
}

