# JRE version: OpenJDK Runtime Environment (25.0.1+8) (build 25.0.1+8-27)
# Java VM: OpenJDK 64-Bit Server VM (25.0.1+8-27, mixed mode, sharing, tiered, compressed oops, compressed class ptrs, g1 gc, windows-amd64)
GC Precious Log:
 CardTable entry size: 512
 Card Set container configuration: InlinePtr #cards 4 size 8 Array Of Cards #cards 16 size 48 Howl #buckets 8 coarsen threshold 3686 Howl Bitmap #cards 512 size 80 coarsen threshold 460 Card regions per heap region 1 cards per card region 4096
 CPUs: 16 total, 16 available
 Memory: 14181M
 Large Page Support: Disabled
 NUMA Support: Disabled
 Compressed Oops: Enabled (Zero based)
 Heap Region Size: 2M
 Heap Min Capacity: 8M
 Heap Initial Capacity: 222M
 Heap Max Capacity: 3546M
 Pre-touch: Disabled
 Parallel Workers: 13
 Concurrent Workers: 3
 Concurrent Refinement Workers: 13
 Periodic GC: Disabled
Heap:
 garbage-first heap   total reserved 3631104K, committed 135168K, used 97149K [0x0000000722600000, 0x0000000800000000)
  region size 2048K, 15 young (30720K), 4 survivors (8192K)
GC Heap Usage History (20 events):
Event: 5250.737 {heap Before GC invocations=112 (full 0):
 garbage-first heap   total reserved 3631104K, committed 124928K, used 113471K [0x0000000722600000, 0x0000000800000000)
  region size 2048K, 27 young (55296K), 1 survivors (2048K)
}
Event: 5250.749 {heap After GC invocations=113 (full 0):
 garbage-first heap   total reserved 3631104K, committed 124928K, used 60152K [0x0000000722600000, 0x0000000800000000)
  region size 2048K, 1 young (2048K), 1 survivors (2048K)
}
Event: 5316.766 {heap Before GC invocations=113 (full 0):
 garbage-first heap   total reserved 3631104K, committed 124928K, used 105208K [0x0000000722600000, 0x0000000800000000)
  region size 2048K, 24 young (49152K), 1 survivors (2048K)
}
Event: 5317.218 {heap After GC invocations=114 (full 1):
 garbage-first heap   total reserved 3631104K, committed 124928K, used 48773K [0x0000000722600000, 0x0000000800000000)
  region size 2048K, 0 young (0K), 0 survivors (0K)
}
Event: 5321.942 {heap Before GC invocations=114 (full 1):
 garbage-first heap   total reserved 3631104K, committed 124928K, used 112261K [0x0000000722600000, 0x0000000800000000)
  region size 2048K, 31 young (63488K), 0 survivors (0K)
}
Event: 5321.976 {heap After GC invocations=115 (full 1):
 garbage-first heap   total reserved 3631104K, committed 129024K, used 60348K [0x0000000722600000, 0x0000000800000000)
  region size 2048K, 4 young (8192K), 4 survivors (8192K)
}
Event: 5325.159 {heap Before GC invocations=116 (full 1):
 garbage-first heap   total reserved 3631104K, committed 129024K, used 111548K [0x0000000722600000, 0x0000000800000000)
  region size 2048K, 29 young (59392K), 4 survivors (8192K)
}
Event: 5325.172 {heap After GC invocations=117 (full 1):
 garbage-first heap   total reserved 3631104K, committed 133120K, used 68090K [0x0000000722600000, 0x0000000800000000)
  region size 2048K, 4 young (8192K), 4 survivors (8192K)
}
Event: 5326.394 {heap Before GC invocations=117 (full 1):
 garbage-first heap   total reserved 3631104K, committed 133120K, used 111098K [0x0000000722600000, 0x0000000800000000)
  region size 2048K, 26 young (53248K), 4 survivors (8192K)
}
Event: 5326.407 {heap After GC invocations=118 (full 1):
 garbage-first heap   total reserved 3631104K, committed 135168K, used 74885K [0x0000000722600000, 0x0000000800000000)
  region size 2048K, 4 young (8192K), 4 survivors (8192K)
}
Event: 5327.367 {heap Before GC invocations=118 (full 1):
 garbage-first heap   total reserved 3631104K, committed 135168K, used 115845K [0x0000000722600000, 0x0000000800000000)
  region size 2048K, 24 young (49152K), 4 survivors (8192K)
}
Event: 5327.375 {heap After GC invocations=119 (full 1):
 garbage-first heap   total reserved 3631104K, committed 135168K, used 77485K [0x0000000722600000, 0x0000000800000000)
  region size 2048K, 2 young (4096K), 2 survivors (4096K)
}
Event: 5328.984 {heap Before GC invocations=120 (full 1):
 garbage-first heap   total reserved 3631104K, committed 135168K, used 116397K [0x0000000722600000, 0x0000000800000000)
  region size 2048K, 22 young (45056K), 2 survivors (4096K)
}
Event: 5328.990 {heap After GC invocations=121 (full 1):
 garbage-first heap   total reserved 3631104K, committed 135168K, used 78081K [0x0000000722600000, 0x0000000800000000)
  region size 2048K, 3 young (6144K), 3 survivors (6144K)
}
Event: 5330.086 {heap Before GC invocations=121 (full 1):
 garbage-first heap   total reserved 3631104K, committed 135168K, used 119041K [0x0000000722600000, 0x0000000800000000)
  region size 2048K, 23 young (47104K), 3 survivors (6144K)
}
Event: 5330.092 {heap After GC invocations=122 (full 1):
 garbage-first heap   total reserved 3631104K, committed 135168K, used 72736K [0x0000000722600000, 0x0000000800000000)
  region size 2048K, 3 young (6144K), 3 survivors (6144K)
}
Event: 5331.121 {heap Before GC invocations=122 (full 1):
 garbage-first heap   total reserved 3631104K, committed 135168K, used 117792K [0x0000000722600000, 0x0000000800000000)
  region size 2048K, 25 young (51200K), 3 survivors (6144K)
}
Event: 5331.127 {heap After GC invocations=123 (full 1):
 garbage-first heap   total reserved 3631104K, committed 135168K, used 74858K [0x0000000722600000, 0x0000000800000000)
  region size 2048K, 3 young (6144K), 3 survivors (6144K)
}
Event: 5332.065 {heap Before GC invocations=124 (full 1):
 garbage-first heap   total reserved 3631104K, committed 135168K, used 119914K [0x0000000722600000, 0x0000000800000000)
  region size 2048K, 25 young (51200K), 3 survivors (6144K)
}
Event: 5332.071 {heap After GC invocations=125 (full 1):
 garbage-first heap   total reserved 3631104K, committed 135168K, used 76669K [0x0000000722600000, 0x0000000800000000)
  region size 2048K, 4 young (8192K), 4 survivors (8192K)
}

